<?xml version="1.0" encoding="UTF-8"?>
<!-- Generated by org.testng.reporters.JUnitReportReporter -->
<testsuite hostname="LAPTOP-KBHHSOVJ" failures="0" tests="3" name="TestNG.TestNg_group" time="0.012" errors="0" timestamp="2023-06-05T11:59:28 IST" skipped="0">
  <testcase classname="TestNG.TestNg_group" name="Tc4" time="0.001"/>
  <system-out>
    <![CDATA[running TC4]]>
  </system-out>
  <testcase classname="TestNG.TestNg_group" name="Tc3" time="0.010"/>
  <system-out>
    <![CDATA[running TC3]]>
  </system-out>
  <testcase classname="TestNG.TestNg_group" name="Tc6" time="0.001"/>
  <system-out>
    <![CDATA[running TC6]]>
  </system-out>
</testsuite> <!-- TestNG.TestNg_group -->
