<?xml version="1.0" encoding="UTF-8"?>
<!-- Generated by org.testng.reporters.JUnitReportReporter -->
<testsuite hostname="LAPTOP-KBHHSOVJ" failures="0" tests="4" name="TestNG.sample2" time="0.005" errors="0" timestamp="2023-06-05T11:18:03 IST" skipped="0">
  <testcase classname="TestNG.sample2" name="TC5" time="0.001"/>
  <system-out>
    <![CDATA[running Tc5]]>
  </system-out>
  <testcase classname="TestNG.sample2" name="TC4" time="0.001"/>
  <system-out>
    <![CDATA[running Tc4]]>
  </system-out>
  <testcase classname="TestNG.sample2" name="TC6" time="0.001"/>
  <system-out>
    <![CDATA[running Tc6]]>
  </system-out>
  <testcase classname="TestNG.sample2" name="TC7" time="0.002"/>
  <system-out>
    <![CDATA[running Tc7]]>
  </system-out>
</testsuite> <!-- TestNG.sample2 -->
