<?xml version="1.0" encoding="UTF-8"?>
<!-- Generated by org.testng.reporters.JUnitReportReporter -->
<testsuite hostname="LAPTOP-KBHHSOVJ" failures="0" tests="3" name="TestNG.sample3" time="0.004" errors="0" timestamp="2023-06-05T11:18:03 IST" skipped="0">
  <testcase classname="TestNG.sample3" name="TC9" time="0.001"/>
  <system-out>
    <![CDATA[running Tc9]]>
  </system-out>
  <testcase classname="TestNG.sample3" name="TC8" time="0.001"/>
  <system-out>
    <![CDATA[running Tc8]]>
  </system-out>
  <testcase classname="TestNG.sample3" name="TC10" time="0.002"/>
  <system-out>
    <![CDATA[running Tc10]]>
  </system-out>
</testsuite> <!-- TestNG.sample3 -->
