<?xml version="1.0" encoding="UTF-8"?>
<!-- Generated by org.testng.reporters.JUnitReportReporter -->
<testsuite hostname="LAPTOP-KBHHSOVJ" failures="0" tests="3" name="TestNG.sample1" time="0.019" errors="0" timestamp="2023-06-05T11:18:03 IST" skipped="0">
  <testcase classname="TestNG.sample1" name="TC2" time="0.001"/>
  <system-out>
    <![CDATA[running Tc2]]>
  </system-out>
  <testcase classname="TestNG.sample1" name="TC1" time="0.017"/>
  <system-out>
    <![CDATA[running Tc1]]>
  </system-out>
  <testcase classname="TestNG.sample1" name="TC3" time="0.001"/>
  <system-out>
    <![CDATA[running Tc3]]>
  </system-out>
</testsuite> <!-- TestNG.sample1 -->
