<?xml version="1.0" encoding="UTF-8"?>
<!-- Generated by org.testng.reporters.JUnitReportReporter -->
<testsuite hostname="LAPTOP-KBHHSOVJ" failures="0" tests="1" name="TestNG.Parallel1" time="6.253" errors="0" timestamp="2023-06-05T11:33:01 IST" skipped="0">
  <testcase classname="TestNG.Parallel1" name="TC1" time="6.253"/>
  <system-out/>
</testsuite> <!-- TestNG.Parallel1 -->
