<?xml version="1.0" encoding="UTF-8"?>
<!-- Generated by org.testng.reporters.JUnitReportReporter -->
<testsuite hostname="LAPTOP-KBHHSOVJ" failures="0" tests="1" name="TestNG.parallel2" time="5.182" errors="0" timestamp="2023-06-05T11:33:01 IST" skipped="0">
  <testcase classname="TestNG.parallel2" name="TC2" time="5.182"/>
  <system-out/>
</testsuite> <!-- TestNG.parallel2 -->
