<?xml version="1.0" encoding="UTF-8"?>
<!-- Generated by org.testng.reporters.JUnitReportReporter -->
<testsuite hostname="LAPTOP-KBHHSOVJ" failures="0" tests="1" name="TestNG.testNg_testclass" time="0.009" errors="0" timestamp="2023-05-30T22:26:37 IST" skipped="0">
  <testcase classname="TestNG.testNg_testclass" name="test" time="0.009"/>
  <system-out/>
</testsuite> <!-- TestNG.testNg_testclass -->
